 * Serving Flask app 'server'
 * Debug mode: on
Cannot assign requested address
 * Serving Flask app 'server'
 * Debug mode: on
Cannot assign requested address
 * Serving Flask app 'server'
 * Debug mode: on
Cannot assign requested address
 * Serving Flask app 'server'
 * Debug mode: on
Cannot assign requested address
 * Serving Flask app 'server'
 * Debug mode: on
Cannot assign requested address
 * Serving Flask app 'server'
 * Debug mode: on
Cannot assign requested address
 * Serving Flask app 'server'
 * Debug mode: on
Cannot assign requested address
 * Serving Flask app 'server'
 * Debug mode: on
Cannot assign requested address
 * Serving Flask app 'server'
 * Debug mode: on
Cannot assign requested address
 * Serving Flask app 'server'
 * Debug mode: on
Cannot assign requested address
 * Serving Flask app 'server'
 * Debug mode: on
Cannot assign requested address
 * Serving Flask app 'server'
 * Debug mode: on
Cannot assign requested address
 * Serving Flask app 'server'
 * Debug mode: on
Cannot assign requested address
 * Serving Flask app 'server'
 * Debug mode: on
Cannot assign requested address
 * Serving Flask app 'server'
 * Debug mode: on
Cannot assign requested address
 * Serving Flask app 'server'
 * Debug mode: on
Cannot assign requested address
 * Serving Flask app 'server'
 * Debug mode: on
Cannot assign requested address
 * Serving Flask app 'server'
 * Debug mode: on
Cannot assign requested address
 * Serving Flask app 'server'
 * Debug mode: on
Cannot assign requested address
 * Serving Flask app 'server'
 * Debug mode: on
Cannot assign requested address
 * Serving Flask app 'server'
 * Debug mode: on
Cannot assign requested address
 * Serving Flask app 'server'
 * Debug mode: on
Cannot assign requested address
 * Serving Flask app 'server'
 * Debug mode: on
Cannot assign requested address
 * Serving Flask app 'server'
 * Debug mode: on
Cannot assign requested address
 * Serving Flask app 'server'
 * Debug mode: on
Cannot assign requested address
 * Serving Flask app 'server'
 * Debug mode: on
Cannot assign requested address
 * Serving Flask app 'server'
 * Debug mode: on
Cannot assign requested address
 * Serving Flask app 'server'
 * Debug mode: on
Cannot assign requested address
 * Serving Flask app 'server'
 * Debug mode: on
Cannot assign requested address
 * Serving Flask app 'server'
 * Debug mode: on
Cannot assign requested address
 * Serving Flask app 'server'
 * Debug mode: on
Cannot assign requested address
 * Serving Flask app 'server'
 * Debug mode: on
Cannot assign requested address
 * Serving Flask app 'server'
 * Debug mode: on
Cannot assign requested address
 * Serving Flask app 'server'
 * Debug mode: on
Cannot assign requested address
 * Serving Flask app 'server'
 * Debug mode: on
Cannot assign requested address
 * Serving Flask app 'server'
 * Debug mode: on
Cannot assign requested address
 * Serving Flask app 'server'
 * Debug mode: on
Cannot assign requested address
 * Serving Flask app 'server'
 * Debug mode: on
Cannot assign requested address
 * Serving Flask app 'server'
 * Debug mode: on
Cannot assign requested address
 * Serving Flask app 'server'
 * Debug mode: on
Cannot assign requested address
 * Serving Flask app 'server'
 * Debug mode: on
Cannot assign requested address
 * Serving Flask app 'server'
 * Debug mode: on
Cannot assign requested address
 * Serving Flask app 'server'
 * Debug mode: on
Cannot assign requested address
 * Serving Flask app 'server'
 * Debug mode: on
Cannot assign requested address
 * Serving Flask app 'server'
 * Debug mode: on
Cannot assign requested address
 * Serving Flask app 'server'
 * Debug mode: on
Cannot assign requested address
 * Serving Flask app 'server'
 * Debug mode: on
Cannot assign requested address
 * Serving Flask app 'server'
 * Debug mode: on
Cannot assign requested address
 * Serving Flask app 'server'
 * Debug mode: on
Cannot assign requested address
 * Serving Flask app 'server'
 * Debug mode: on
Cannot assign requested address
 * Serving Flask app 'server'
 * Debug mode: on
Cannot assign requested address
 * Serving Flask app 'server'
 * Debug mode: on
Cannot assign requested address
 * Serving Flask app 'server'
 * Debug mode: on
Cannot assign requested address
 * Serving Flask app 'server'
 * Debug mode: on
Cannot assign requested address
 * Serving Flask app 'server'
 * Debug mode: on
Cannot assign requested address
 * Serving Flask app 'server'
 * Debug mode: on
Cannot assign requested address
 * Serving Flask app 'server'
 * Debug mode: on
Cannot assign requested address
 * Serving Flask app 'server'
 * Debug mode: on
Cannot assign requested address
 * Serving Flask app 'server'
 * Debug mode: on
Cannot assign requested address
Traceback (most recent call last):
  File "/home/HoloOS/GUI_TK/Server/server.py", line 3, in <module>
    from pynput.mouse import Button, Controller
  File "/home/HoloOS/.local/lib/python3.9/site-packages/pynput/__init__.py", line 40, in <module>
    from . import keyboard
  File "/home/HoloOS/.local/lib/python3.9/site-packages/pynput/keyboard/__init__.py", line 31, in <module>
    backend = backend(__name__)
  File "/home/HoloOS/.local/lib/python3.9/site-packages/pynput/_util/__init__.py", line 77, in backend
    raise ImportError('this platform is not supported: {}'.format(
ImportError: this platform is not supported: ('failed to acquire X connection: Can\'t connect to display ":0": [Errno 111] Connection refused', DisplayConnectionError(':0', '[Errno 111] Connection refused'))

Try one of the following resolutions:

 * Please make sure that you have an X server running, and that the DISPLAY environment variable is set correctly
 * Serving Flask app 'server'
 * Debug mode: on
Cannot assign requested address
 * Serving Flask app 'server'
 * Debug mode: on
Cannot assign requested address
Traceback (most recent call last):
  File "/home/HoloOS/GUI_TK/Server/server.py", line 3, in <module>
    from pynput.mouse import Button, Controller
  File "/home/HoloOS/.local/lib/python3.9/site-packages/pynput/__init__.py", line 40, in <module>
    from . import keyboard
  File "/home/HoloOS/.local/lib/python3.9/site-packages/pynput/keyboard/__init__.py", line 31, in <module>
    backend = backend(__name__)
  File "/home/HoloOS/.local/lib/python3.9/site-packages/pynput/_util/__init__.py", line 77, in backend
    raise ImportError('this platform is not supported: {}'.format(
ImportError: this platform is not supported: ('failed to acquire X connection: Can\'t connect to display ":0": [Errno 111] Connection refused', DisplayConnectionError(':0', '[Errno 111] Connection refused'))

Try one of the following resolutions:

 * Please make sure that you have an X server running, and that the DISPLAY environment variable is set correctly
 * Serving Flask app 'server'
 * Debug mode: on
Cannot assign requested address
 * Serving Flask app 'server'
 * Debug mode: on
Cannot assign requested address
 * Serving Flask app 'server'
 * Debug mode: on
Cannot assign requested address
 * Serving Flask app 'server'
 * Debug mode: on
Cannot assign requested address
 * Serving Flask app 'server'
 * Debug mode: on
Cannot assign requested address
 * Serving Flask app 'server'
 * Debug mode: on
Cannot assign requested address
 * Serving Flask app 'server'
 * Debug mode: on
Cannot assign requested address
 * Serving Flask app 'server'
 * Debug mode: on
Cannot assign requested address
Traceback (most recent call last):
  File "/home/HoloOS/GUI_TK/Server/server.py", line 3, in <module>
    from pynput.mouse import Button, Controller
  File "/home/HoloOS/.local/lib/python3.9/site-packages/pynput/__init__.py", line 40, in <module>
    from . import keyboard
  File "/home/HoloOS/.local/lib/python3.9/site-packages/pynput/keyboard/__init__.py", line 31, in <module>
    backend = backend(__name__)
  File "/home/HoloOS/.local/lib/python3.9/site-packages/pynput/_util/__init__.py", line 77, in backend
    raise ImportError('this platform is not supported: {}'.format(
ImportError: this platform is not supported: ('failed to acquire X connection: Can\'t connect to display ":0": [Errno 111] Connection refused', DisplayConnectionError(':0', '[Errno 111] Connection refused'))

Try one of the following resolutions:

 * Please make sure that you have an X server running, and that the DISPLAY environment variable is set correctly
 * Serving Flask app 'server'
 * Debug mode: on
Cannot assign requested address
 * Serving Flask app 'server'
 * Debug mode: on
Cannot assign requested address
 * Serving Flask app 'server'
 * Debug mode: on
Cannot assign requested address
 * Serving Flask app 'server'
 * Debug mode: on
Cannot assign requested address
 * Serving Flask app 'server'
 * Debug mode: on
Cannot assign requested address
Traceback (most recent call last):
  File "/home/HoloOS/GUI_TK/Server/server.py", line 3, in <module>
    from pynput.mouse import Button, Controller
  File "/home/HoloOS/.local/lib/python3.9/site-packages/pynput/__init__.py", line 40, in <module>
    from . import keyboard
  File "/home/HoloOS/.local/lib/python3.9/site-packages/pynput/keyboard/__init__.py", line 31, in <module>
    backend = backend(__name__)
  File "/home/HoloOS/.local/lib/python3.9/site-packages/pynput/_util/__init__.py", line 77, in backend
    raise ImportError('this platform is not supported: {}'.format(
ImportError: this platform is not supported: ('failed to acquire X connection: Can\'t connect to display ":0": [Errno 111] Connection refused', DisplayConnectionError(':0', '[Errno 111] Connection refused'))

Try one of the following resolutions:

 * Please make sure that you have an X server running, and that the DISPLAY environment variable is set correctly
 * Serving Flask app 'server'
 * Debug mode: on
Cannot assign requested address
 * Serving Flask app 'server'
 * Debug mode: on
Cannot assign requested address
 * Serving Flask app 'server'
 * Debug mode: on
Cannot assign requested address
 * Serving Flask app 'server'
 * Debug mode: on
Cannot assign requested address
